# JRE version: Java(TM) SE Runtime Environment (8.0_91-b15) (build 1.8.0_91-b15)
# Java VM: Java HotSpot(TM) 64-Bit Server VM (25.91-b15 mixed mode windows-amd64 compressed oops)
Heap:
 PSYoungGen      total 72192K, used 32105K [0x000000076c980000, 0x0000000772280000, 0x00000007c0000000)
  eden space 60416K, 53% used [0x000000076c980000,0x000000076e8da580,0x0000000770480000)
  from space 11776K, 0% used [0x0000000770580000,0x0000000770580000,0x0000000771100000)
  to   space 15360K, 0% used [0x0000000771380000,0x0000000771380000,0x0000000772280000)
 ParOldGen       total 79360K, used 16164K [0x00000006c5c00000, 0x00000006ca980000, 0x000000076c980000)
  object space 79360K, 20% used [0x00000006c5c00000,0x00000006c6bc9108,0x00000006ca980000)
 Metaspace       used 36715K, capacity 38612K, committed 38744K, reserved 1083392K
  class space    used 5029K, capacity 5416K, committed 5464K, reserved 1048576K
GC Heap History (10 events):
Event: 21.669 GC heap before
{Heap before GC invocations=5 (full 1):
 PSYoungGen      total 75264K, used 70258K [0x000000076c980000, 0x0000000771d80000, 0x00000007c0000000)
  eden space 64512K, 100% used [0x000000076c980000,0x0000000770880000,0x0000000770880000)
  from space 10752K, 53% used [0x0000000770880000,0x0000000770e1cab0,0x0000000771300000)
  to   space 10752K, 0% used [0x0000000771300000,0x0000000771300000,0x0000000771d80000)
 ParOldGen       total 74752K, used 10200K [0x00000006c5c00000, 0x00000006ca500000, 0x000000076c980000)
  object space 74752K, 13% used [0x00000006c5c00000,0x00000006c65f60c8,0x00000006ca500000)
 Metaspace       used 27575K, capacity 28716K, committed 28928K, reserved 1075200K
  class space    used 3706K, capacity 3972K, committed 4096K, reserved 1048576K
Event: 21.677 GC heap after
Heap after GC invocations=5 (full 1):
 PSYoungGen      total 75264K, used 10547K [0x000000076c980000, 0x0000000771d80000, 0x00000007c0000000)
  eden space 64512K, 0% used [0x000000076c980000,0x000000076c980000,0x0000000770880000)
  from space 10752K, 98% used [0x0000000771300000,0x0000000771d4cd90,0x0000000771d80000)
  to   space 10752K, 0% used [0x0000000770880000,0x0000000770880000,0x0000000771300000)
 ParOldGen       total 74752K, used 10208K [0x00000006c5c00000, 0x00000006ca500000, 0x000000076c980000)
  object space 74752K, 13% used [0x00000006c5c00000,0x00000006c65f80c8,0x00000006ca500000)
 Metaspace       used 27575K, capacity 28716K, committed 28928K, reserved 1075200K
  class space    used 3706K, capacity 3972K, committed 4096K, reserved 1048576K
}
Event: 22.293 GC heap before
{Heap before GC invocations=6 (full 1):
 PSYoungGen      total 75264K, used 75059K [0x000000076c980000, 0x0000000771d80000, 0x00000007c0000000)
  eden space 64512K, 100% used [0x000000076c980000,0x0000000770880000,0x0000000770880000)
  from space 10752K, 98% used [0x0000000771300000,0x0000000771d4cd90,0x0000000771d80000)
  to   space 10752K, 0% used [0x0000000770880000,0x0000000770880000,0x0000000771300000)
 ParOldGen       total 74752K, used 10208K [0x00000006c5c00000, 0x00000006ca500000, 0x000000076c980000)
  object space 74752K, 13% used [0x00000006c5c00000,0x00000006c65f80c8,0x00000006ca500000)
 Metaspace       used 29804K, capacity 31058K, committed 31232K, reserved 1077248K
  class space    used 4041K, capacity 4325K, committed 4352K, reserved 1048576K
Event: 22.302 GC heap after
Heap after GC invocations=6 (full 1):
 PSYoungGen      total 73728K, used 10724K [0x000000076c980000, 0x0000000772200000, 0x00000007c0000000)
  eden space 62976K, 0% used [0x000000076c980000,0x000000076c980000,0x0000000770700000)
  from space 10752K, 99% used [0x0000000770880000,0x00000007712f9030,0x0000000771300000)
  to   space 13824K, 0% used [0x0000000771480000,0x0000000771480000,0x0000000772200000)
 ParOldGen       total 74752K, used 10385K [0x00000006c5c00000, 0x00000006ca500000, 0x000000076c980000)
  object space 74752K, 13% used [0x00000006c5c00000,0x00000006c6624640,0x00000006ca500000)
 Metaspace       used 29804K, capacity 31058K, committed 31232K, reserved 1077248K
  class space    used 4041K, capacity 4325K, committed 4352K, reserved 1048576K
}
Event: 29.977 GC heap before
{Heap before GC invocations=7 (full 1):
 PSYoungGen      total 73728K, used 73700K [0x000000076c980000, 0x0000000772200000, 0x00000007c0000000)
  eden space 62976K, 100% used [0x000000076c980000,0x0000000770700000,0x0000000770700000)
  from space 10752K, 99% used [0x0000000770880000,0x00000007712f9030,0x0000000771300000)
  to   space 13824K, 0% used [0x0000000771480000,0x0000000771480000,0x0000000772200000)
 ParOldGen       total 74752K, used 10385K [0x00000006c5c00000, 0x00000006ca500000, 0x000000076c980000)
  object space 74752K, 13% used [0x00000006c5c00000,0x00000006c6624640,0x00000006ca500000)
 Metaspace       used 31113K, capacity 32546K, committed 32768K, reserved 1077248K
  class space    used 4227K, capacity 4545K, committed 4608K, reserved 1048576K
Event: 29.986 GC heap after
Heap after GC invocations=7 (full 1):
 PSYoungGen      total 75264K, used 13118K [0x000000076c980000, 0x0000000772380000, 0x00000007c0000000)
  eden space 61440K, 0% used [0x000000076c980000,0x000000076c980000,0x0000000770580000)
  from space 13824K, 94% used [0x0000000771480000,0x000000077214fa58,0x0000000772200000)
  to   space 15360K, 0% used [0x0000000770580000,0x0000000770580000,0x0000000771480000)
 ParOldGen       total 74752K, used 10393K [0x00000006c5c00000, 0x00000006ca500000, 0x000000076c980000)
  object space 74752K, 13% used [0x00000006c5c00000,0x00000006c6626640,0x00000006ca500000)
 Metaspace       used 31113K, capacity 32546K, committed 32768K, reserved 1077248K
  class space    used 4227K, capacity 4545K, committed 4608K, reserved 1048576K
}
Event: 50.059 GC heap before
{Heap before GC invocations=8 (full 1):
 PSYoungGen      total 75264K, used 40340K [0x000000076c980000, 0x0000000772380000, 0x00000007c0000000)
  eden space 61440K, 44% used [0x000000076c980000,0x000000076e415950,0x0000000770580000)
  from space 13824K, 94% used [0x0000000771480000,0x000000077214fa58,0x0000000772200000)
  to   space 15360K, 0% used [0x0000000770580000,0x0000000770580000,0x0000000771480000)
 ParOldGen       total 74752K, used 10393K [0x00000006c5c00000, 0x00000006ca500000, 0x000000076c980000)
  object space 74752K, 13% used [0x00000006c5c00000,0x00000006c6626640,0x00000006ca500000)
 Metaspace       used 33870K, capacity 35286K, committed 35416K, reserved 1079296K
  class space    used 4578K, capacity 4897K, committed 4952K, reserved 1048576K
Event: 50.067 GC heap after
Heap after GC invocations=8 (full 1):
 PSYoungGen      total 72192K, used 11314K [0x000000076c980000, 0x0000000772280000, 0x00000007c0000000)
  eden space 60416K, 0% used [0x000000076c980000,0x000000076c980000,0x0000000770480000)
  from space 11776K, 96% used [0x0000000770580000,0x000000077108c978,0x0000000771100000)
  to   space 15360K, 0% used [0x0000000771380000,0x0000000771380000,0x0000000772280000)
 ParOldGen       total 74752K, used 10401K [0x00000006c5c00000, 0x00000006ca500000, 0x000000076c980000)
  object space 74752K, 13% used [0x00000006c5c00000,0x00000006c6628640,0x00000006ca500000)
 Metaspace       used 33870K, capacity 35286K, committed 35416K, reserved 1079296K
  class space    used 4578K, capacity 4897K, committed 4952K, reserved 1048576K
}
Event: 50.067 GC heap before
{Heap before GC invocations=9 (full 2):
 PSYoungGen      total 72192K, used 11314K [0x000000076c980000, 0x0000000772280000, 0x00000007c0000000)
  eden space 60416K, 0% used [0x000000076c980000,0x000000076c980000,0x0000000770480000)
  from space 11776K, 96% used [0x0000000770580000,0x000000077108c978,0x0000000771100000)
  to   space 15360K, 0% used [0x0000000771380000,0x0000000771380000,0x0000000772280000)
 ParOldGen       total 74752K, used 10401K [0x00000006c5c00000, 0x00000006ca500000, 0x000000076c980000)
  object space 74752K, 13% used [0x00000006c5c00000,0x00000006c6628640,0x00000006ca500000)
 Metaspace       used 33870K, capacity 35286K, committed 35416K, reserved 1079296K
  class space    used 4578K, capacity 4897K, committed 4952K, reserved 1048576K
Event: 50.116 GC heap after
Heap after GC invocations=9 (full 2):
 PSYoungGen      total 72192K, used 0K [0x000000076c980000, 0x0000000772280000, 0x00000007c0000000)
  eden space 60416K, 0% used [0x000000076c980000,0x000000076c980000,0x0000000770480000)
  from space 11776K, 0% used [0x0000000770580000,0x0000000770580000,0x0000000771100000)
  to   space 15360K, 0% used [0x0000000771380000,0x0000000771380000,0x0000000772280000)
 ParOldGen       total 79360K, used 16164K [0x00000006c5c00000, 0x00000006ca980000, 0x000000076c980000)
  object space 79360K, 20% used [0x00000006c5c00000,0x00000006c6bc9108,0x00000006ca980000)
 Metaspace       used 33870K, capacity 35286K, committed 35416K, reserved 1079296K
  class space    used 4578K, capacity 4897K, committed 4952K, reserved 1048576K
}

